<?xml version="1.0" encoding="UTF-8"?>
<testng-results skipped="0" failed="0" ignored="0" total="1" passed="1">
  <reporter-output>
  </reporter-output>
  <suite name="Default suite" duration-ms="3581" started-at="2020-01-10T20:37:41Z" finished-at="2020-01-10T20:37:45Z">
    <groups>
    </groups>
    <test name="Default test" duration-ms="3581" started-at="2020-01-10T20:37:41Z" finished-at="2020-01-10T20:37:45Z">
      <class name="pk2StudentsApp.Pr6AddNewStudentAndDeleteTheStudentRaw">
        <test-method status="PASS" signature="addNewStudentAndDeleteStudent()[pri:0, instance:pk2StudentsApp.Pr6AddNewStudentAndDeleteTheStudentRaw@604ed9f0]" name="addNewStudentAndDeleteStudent" duration-ms="3529" started-at="2020-01-10T20:37:41Z" finished-at="2020-01-10T20:37:45Z">
          <reporter-output>
          </reporter-output>
        </test-method> <!-- addNewStudentAndDeleteStudent -->
      </class> <!-- pk2StudentsApp.Pr6AddNewStudentAndDeleteTheStudentRaw -->
    </test> <!-- Default test -->
  </suite> <!-- Default suite -->
</testng-results>
